\BOOKMARK [0][-]{chapter.1}{Introduction}{}% 1
\BOOKMARK [0][-]{chapter.2}{Mission Statement}{}% 2
\BOOKMARK [1][-]{section.2.1}{Mission Statement}{chapter.2}% 3
\BOOKMARK [1][-]{section.2.2}{Customer}{chapter.2}% 4
\BOOKMARK [1][-]{section.2.3}{Critical Knowledge}{chapter.2}% 5
\BOOKMARK [0][-]{chapter.3}{Conceptual Design}{}% 6
\BOOKMARK [1][-]{section.3.1}{Design 1}{chapter.3}% 7
\BOOKMARK [1][-]{section.3.2}{Design 2}{chapter.3}% 8
\BOOKMARK [1][-]{section.3.3}{Comparison}{chapter.3}% 9
\BOOKMARK [0][-]{chapter.4}{Subsystems}{}% 10
\BOOKMARK [1][-]{section.4.1}{Subsystems to be Designed}{chapter.4}% 11
\BOOKMARK [1][-]{section.4.2}{Subsystems to be bought}{chapter.4}% 12
\BOOKMARK [0][-]{chapter.5}{Design Methodology}{}% 13
\BOOKMARK [0][-]{chapter.6}{Flight Profile}{}% 14
\BOOKMARK [0][-]{chapter.7}{Design Variables}{}% 15
\BOOKMARK [0][-]{chapter.8}{First Iteration}{}% 16
\BOOKMARK [1][-]{section.8.1}{CAD Model}{chapter.8}% 17
\BOOKMARK [1][-]{section.8.2}{Weight Estimation}{chapter.8}% 18
\BOOKMARK [1][-]{section.8.3}{Engine Analysis}{chapter.8}% 19
\BOOKMARK [1][-]{section.8.4}{Point Performance}{chapter.8}% 20
\BOOKMARK [2][-]{subsection.8.4.1}{VTOF}{section.8.4}% 21
\BOOKMARK [2][-]{subsection.8.4.2}{Cruise}{section.8.4}% 22
\BOOKMARK [1][-]{section.8.5}{Aerodynamic Analysis}{chapter.8}% 23
\BOOKMARK [1][-]{section.8.6}{Trim Analysis}{chapter.8}% 24
\BOOKMARK [1][-]{section.8.7}{Stability Analysis}{chapter.8}% 25
\BOOKMARK [2][-]{subsection.8.7.1}{Roll Mode}{section.8.7}% 26
\BOOKMARK [2][-]{subsection.8.7.2}{Phugoid Mode}{section.8.7}% 27
\BOOKMARK [2][-]{subsection.8.7.3}{Dutch Roll Mode}{section.8.7}% 28
\BOOKMARK [2][-]{subsection.8.7.4}{Spiral Mode}{section.8.7}% 29
\BOOKMARK [2][-]{subsection.8.7.5}{Short Period Mode}{section.8.7}% 30
\BOOKMARK [2][-]{subsection.8.7.6}{Conclusions from Aerodynamic Analysis}{section.8.7}% 31
\BOOKMARK [1][-]{section.8.8}{Structural Analysis}{chapter.8}% 32
\BOOKMARK [1][-]{section.8.9}{Objective Function}{chapter.8}% 33
\BOOKMARK [1][-]{section.8.10}{Modifications}{chapter.8}% 34
\BOOKMARK [0][-]{chapter.9}{Second Iteration}{}% 35
\BOOKMARK [1][-]{section.9.1}{CAD Model}{chapter.9}% 36
\BOOKMARK [1][-]{section.9.2}{Weight Estimation}{chapter.9}% 37
\BOOKMARK [1][-]{section.9.3}{Engine Analysis}{chapter.9}% 38
\BOOKMARK [1][-]{section.9.4}{Point Performance}{chapter.9}% 39
\BOOKMARK [2][-]{subsection.9.4.1}{VTOF}{section.9.4}% 40
\BOOKMARK [2][-]{subsection.9.4.2}{Cruise}{section.9.4}% 41
\BOOKMARK [1][-]{section.9.5}{Aerodynamic Analysis}{chapter.9}% 42
\BOOKMARK [2][-]{subsection.9.5.1}{Selection of Airfoil}{section.9.5}% 43
\BOOKMARK [2][-]{subsection.9.5.2}{Aerodynamic Plots}{section.9.5}% 44
\BOOKMARK [1][-]{section.9.6}{Trim Analysis}{chapter.9}% 45
\BOOKMARK [1][-]{section.9.7}{Stability Analysis}{chapter.9}% 46
\BOOKMARK [2][-]{subsection.9.7.1}{Roll Mode}{section.9.7}% 47
\BOOKMARK [2][-]{subsection.9.7.2}{Phugoid Mode}{section.9.7}% 48
\BOOKMARK [2][-]{subsection.9.7.3}{Dutch Roll Mode}{section.9.7}% 49
\BOOKMARK [2][-]{subsection.9.7.4}{Spiral Mode}{section.9.7}% 50
\BOOKMARK [2][-]{subsection.9.7.5}{Short Period Mode}{section.9.7}% 51
\BOOKMARK [2][-]{subsection.9.7.6}{Conclusions from Aerodynamic Analysis}{section.9.7}% 52
\BOOKMARK [1][-]{section.9.8}{Structural Analysis}{chapter.9}% 53
\BOOKMARK [1][-]{section.9.9}{Objective Function}{chapter.9}% 54
\BOOKMARK [1][-]{section.9.10}{Modifications}{chapter.9}% 55
\BOOKMARK [0][-]{chapter.10}{Third Iteration}{}% 56
\BOOKMARK [1][-]{section.10.1}{CAD Model}{chapter.10}% 57
\BOOKMARK [1][-]{section.10.2}{Weight Estimation}{chapter.10}% 58
\BOOKMARK [1][-]{section.10.3}{Engine Analysis}{chapter.10}% 59
\BOOKMARK [1][-]{section.10.4}{Point Performance}{chapter.10}% 60
\BOOKMARK [2][-]{subsection.10.4.1}{VTOF}{section.10.4}% 61
\BOOKMARK [2][-]{subsection.10.4.2}{Cruise}{section.10.4}% 62
\BOOKMARK [1][-]{section.10.5}{Aerodynamic Analysis}{chapter.10}% 63
\BOOKMARK [2][-]{subsection.10.5.1}{Change of Airfoil}{section.10.5}% 64
\BOOKMARK [2][-]{subsection.10.5.2}{Aerodynamic Plots}{section.10.5}% 65
\BOOKMARK [1][-]{section.10.6}{Trim Analysis}{chapter.10}% 66
\BOOKMARK [1][-]{section.10.7}{Stability Analysis}{chapter.10}% 67
\BOOKMARK [2][-]{subsection.10.7.1}{Roll Mode}{section.10.7}% 68
\BOOKMARK [2][-]{subsection.10.7.2}{Phugoid Mode}{section.10.7}% 69
\BOOKMARK [2][-]{subsection.10.7.3}{Dutch Roll Mode}{section.10.7}% 70
\BOOKMARK [2][-]{subsection.10.7.4}{Spiral Mode}{section.10.7}% 71
\BOOKMARK [2][-]{subsection.10.7.5}{Short Period Mode}{section.10.7}% 72
\BOOKMARK [1][-]{section.10.8}{Objective Function}{chapter.10}% 73
\BOOKMARK [0][-]{chapter.11}{Advantages and Limitations}{}% 74
\BOOKMARK [0][-]{chapter.12}{Future Potential}{}% 75
\BOOKMARK [0][-]{chapter.13}{Conclusion}{}% 76
